[03:04:54] [ServerMain/INFO]: [bootstrap] Running Java 21 (OpenJDK 64-Bit Server VM 21.0.9+10-Ubuntu-124.04; Ubuntu null) on Linux 6.8.0-1030-azure (amd64)
[03:04:54] [ServerMain/INFO]: [bootstrap] Loading Paper 1.21.8-6-main@782ce95 (2025-07-18T20:26:58Z) for Minecraft 1.21.8
[03:04:55] [ServerMain/INFO]: [PluginInitializerManager] Initializing plugins...
[03:04:55] [ServerMain/INFO]: [PluginInitializerManager] Initialized 0 plugins
[03:04:56] [Paper Plugin Remapper Thread - 0/INFO]: [ReobfServer] Remapping server...
[03:05:03] [ServerMain/INFO]: Environment: Environment[sessionHost=https://sessionserver.mojang.com, servicesHost=https://api.minecraftservices.com, name=PROD]
[03:05:03] [ServerMain/INFO]: Found new data pack file/bukkit, loading it automatically
[03:05:03] [ServerMain/INFO]: Found new data pack paper, loading it automatically
[03:05:04] [Paper Plugin Remapper Thread - 0/INFO]: [ReobfServer] Done remapping server in 8155ms.
[03:05:04] [ServerMain/INFO]: No existing world data, creating new world
[03:05:05] [ServerMain/INFO]: Loaded 1407 recipes
[03:05:05] [ServerMain/INFO]: Loaded 1520 advancements
[03:05:05] [ServerMain/INFO]: [ca.spottedleaf.dataconverter.minecraft.datatypes.MCTypeRegistry] Initialising converters for DataConverter...
[03:05:06] [ServerMain/INFO]: [ca.spottedleaf.dataconverter.minecraft.datatypes.MCTypeRegistry] Finished initialising converters for DataConverter in 500.5ms
[03:05:06] [Server thread/INFO]: Starting minecraft server version 1.21.8
[03:05:06] [Server thread/INFO]: Loading properties
[03:05:06] [Server thread/INFO]: This server is running Paper version 1.21.8-6-main@782ce95 (2025-07-18T20:26:58Z) (Implementing API version 1.21.8-R0.1-SNAPSHOT)
[03:05:06] [Server thread/INFO]: [spark] This server bundles the spark profiler. For more information please visit https://docs.papermc.io/paper/profiling
[03:05:06] [Server thread/INFO]: Server Ping Player Sample Count: 12
[03:05:06] [Server thread/INFO]: Using 4 threads for Netty based IO
[03:05:07] [Server thread/INFO]: [MoonriseCommon] Paper is using 1 worker threads, 1 I/O threads
[03:05:07] [Server thread/INFO]: [ChunkTaskScheduler] Chunk system is using population gen parallelism: true
[03:05:07] [Server thread/INFO]: Default game type: SURVIVAL
[03:05:07] [Server thread/INFO]: Generating keypair
[03:05:07] [Server thread/INFO]: Starting Minecraft server on *:25565
[03:05:07] [Server thread/INFO]: Using epoll channel type
[03:05:07] [Server thread/INFO]: Paper: Using libdeflate (Linux x86_64) compression from Velocity.
[03:05:07] [Server thread/INFO]: Paper: Using OpenSSL 3.x.x (Linux x86_64) cipher from Velocity.
[03:05:07] [Server thread/WARN]: **** SERVER IS RUNNING IN OFFLINE/INSECURE MODE!
[03:05:07] [Server thread/WARN]: The server will make no attempt to authenticate usernames. Beware.
[03:05:07] [Server thread/WARN]: While this makes the game possible to play without internet access, it also opens up the ability for hackers to connect with any username they choose.
[03:05:07] [Server thread/WARN]: To change this, set "online-mode" to "true" in the server.properties file.
[03:05:07] [Server thread/INFO]: Preparing level "world"
[03:05:17] [Server thread/INFO]: Preparing start region for dimension minecraft:overworld
[03:05:17] [Server thread/INFO]: Preparing spawn area: 2%
[03:05:18] [Server thread/INFO]: Preparing spawn area: 2%
[03:05:18] [Server thread/INFO]: Preparing spawn area: 4%
[03:05:19] [Server thread/INFO]: Preparing spawn area: 4%
[03:05:19] [Server thread/INFO]: Preparing spawn area: 18%
[03:05:20] [Server thread/INFO]: Preparing spawn area: 18%
[03:05:20] [Server thread/INFO]: Preparing spawn area: 24%
[03:05:21] [Server thread/INFO]: Preparing spawn area: 51%
[03:05:21] [Server thread/INFO]: Preparing spawn area: 51%
[03:05:22] [Server thread/INFO]: Preparing spawn area: 53%
[03:05:22] [Server thread/INFO]: Preparing spawn area: 61%
[03:05:23] [Server thread/INFO]: Time elapsed: 5470 ms
[03:05:23] [Server thread/INFO]: Preparing start region for dimension minecraft:the_nether
[03:05:23] [Server thread/INFO]: Preparing spawn area: 2%
[03:05:23] [Server thread/INFO]: Preparing spawn area: 6%
[03:05:24] [Server thread/INFO]: Preparing spawn area: 20%
[03:05:24] [Server thread/INFO]: Preparing spawn area: 61%
[03:05:24] [Server thread/INFO]: Time elapsed: 1659 ms
[03:05:24] [Server thread/INFO]: Preparing start region for dimension minecraft:the_end
[03:05:24] [Server thread/INFO]: Preparing spawn area: 2%
[03:05:25] [Server thread/INFO]: Preparing spawn area: 83%
[03:05:25] [Server thread/INFO]: Time elapsed: 503 ms
[03:05:25] [Server thread/INFO]: [spark] Starting background profiler...
[03:05:25] [Server thread/INFO]: Done preparing level "world" (17.900s)
[03:05:25] [Server thread/INFO]: Running delayed init tasks
[03:05:25] [Server thread/INFO]: Done (31.522s)! For help, type "help"
[03:05:25] [Server thread/INFO]: *************************************************************************************
[03:05:25] [Server thread/INFO]: This is the first time you're starting this server.
[03:05:25] [Server thread/INFO]: It's recommended you read our 'Getting Started' documentation for guidance.
[03:05:25] [Server thread/INFO]: View this and more helpful information here: https://docs.papermc.io/paper/next-steps
[03:05:25] [Server thread/INFO]: *************************************************************************************
[03:09:33] [Server thread/INFO]: Stopping the server
[03:09:34] [Server thread/INFO]: Stopping server
[03:09:34] [Server thread/INFO]: Saving players
[03:09:34] [Server thread/INFO]: Saving worlds
[03:09:34] [Server thread/INFO]: Saving chunks for level 'ServerLevel[world]'/minecraft:overworld
[03:09:34] [Server thread/INFO]: [ChunkHolderManager] Waiting 60s for chunk system to halt for world 'world'
[03:09:34] [Server thread/INFO]: [ChunkHolderManager] Halted chunk system for world 'world'
[03:09:34] [Server thread/INFO]: [ChunkHolderManager] Saving all chunkholders for world 'world'
[03:09:35] [Server thread/INFO]: [ChunkHolderManager] Saved 841 block chunks, 49 entity chunks, 0 poi chunks in world 'world' in 1.25s
[03:09:35] [Server thread/INFO]: [ChunkHolderManager] Waiting 60s for chunk I/O to halt for world 'world'
[03:09:35] [Server thread/INFO]: [ChunkHolderManager] Halted I/O scheduler for world 'world'
[03:09:35] [Server thread/INFO]: Saving chunks for level 'ServerLevel[world_nether]'/minecraft:the_nether
[03:09:35] [Server thread/INFO]: [ChunkHolderManager] Waiting 60s for chunk system to halt for world 'world_nether'
[03:09:35] [Server thread/INFO]: [ChunkHolderManager] Halted chunk system for world 'world_nether'
[03:09:35] [Server thread/INFO]: [ChunkHolderManager] Saving all chunkholders for world 'world_nether'
[03:09:35] [Server thread/INFO]: [ChunkHolderManager] Saved 841 block chunks, 49 entity chunks, 0 poi chunks in world 'world_nether' in 0.37s
[03:09:35] [Server thread/INFO]: [ChunkHolderManager] Waiting 60s for chunk I/O to halt for world 'world_nether'
[03:09:35] [Server thread/INFO]: [ChunkHolderManager] Halted I/O scheduler for world 'world_nether'
[03:09:35] [Server thread/INFO]: Saving chunks for level 'ServerLevel[world_the_end]'/minecraft:the_end
[03:09:35] [Server thread/INFO]: [ChunkHolderManager] Waiting 60s for chunk system to halt for world 'world_the_end'
[03:09:35] [Server thread/INFO]: [ChunkHolderManager] Halted chunk system for world 'world_the_end'
[03:09:35] [Server thread/INFO]: [ChunkHolderManager] Saving all chunkholders for world 'world_the_end'
[03:09:36] [Server thread/INFO]: [ChunkHolderManager] Saved 841 block chunks, 49 entity chunks, 0 poi chunks in world 'world_the_end' in 0.29s
[03:09:36] [Server thread/INFO]: [ChunkHolderManager] Waiting 60s for chunk I/O to halt for world 'world_the_end'
[03:09:36] [Server thread/INFO]: [ChunkHolderManager] Halted I/O scheduler for world 'world_the_end'
[03:09:36] [Server thread/INFO]: ThreadedAnvilChunkStorage (world): All chunks are saved
[03:09:36] [Server thread/INFO]: ThreadedAnvilChunkStorage (DIM-1): All chunks are saved
[03:09:36] [Server thread/INFO]: ThreadedAnvilChunkStorage (DIM1): All chunks are saved
[03:09:36] [Server thread/INFO]: ThreadedAnvilChunkStorage: All dimensions are saved
[03:09:36] [Server thread/INFO]: Waiting for all RegionFile I/O tasks to complete...
[03:09:36] [Server thread/INFO]: All RegionFile I/O tasks to complete
[03:09:36] [Server thread/INFO]: [MoonriseCommon] Awaiting termination of worker pool for up to 60s...
[03:09:36] [Server thread/INFO]: [MoonriseCommon] Awaiting termination of I/O pool for up to 60s...
